2024-12-01 20:21:22,433 - INFO - Organizing files in C:\Users\Rizwan niaz\OneDrive - OsloMet\Semester 3\scripting\test folder for file organizer
2024-12-01 20:21:22,436 - INFO - Moved Agreement_for_Supervision_ACIT_short_final(1).docx to C:\Users\Rizwan niaz\OneDrive - OsloMet\Semester 3\scripting\test folder for file organizer\Documents
2024-12-01 20:21:22,437 - ERROR - Critical error while processing Final_assignment_ACIT4420_24-1.pdf: [Errno 13] Permission denied: 'C:\\Users\\Rizwan niaz\\OneDrive - OsloMet\\Semester 3\\scripting\\test folder for file organizer\\PDFs\\Final_assignment_ACIT4420_24-1.pdf'
2024-12-01 20:21:22,439 - INFO - Moved gruppe2.pptx to C:\Users\Rizwan niaz\OneDrive - OsloMet\Semester 3\scripting\test folder for file organizer\Presentations
2024-12-01 20:21:22,442 - ERROR - Critical error while processing Style(1).pdf: [Errno 13] Permission denied: 'C:\\Users\\Rizwan niaz\\OneDrive - OsloMet\\Semester 3\\scripting\\test folder for file organizer\\PDFs\\Style(1).pdf'
2024-12-01 20:21:22,444 - ERROR - Critical error while processing Style.pdf: [Errno 13] Permission denied: 'C:\\Users\\Rizwan niaz\\OneDrive - OsloMet\\Semester 3\\scripting\\test folder for file organizer\\PDFs\\Style.pdf'
2024-12-01 20:25:09,696 - INFO - Organizing files in C:\Users\Rizwan niaz\OneDrive - OsloMet\Semester 3\scripting\test folder for file organizer
2024-12-01 20:25:09,698 - INFO - Moved Final_assignment_ACIT4420_24-1.pdf to C:\Users\Rizwan niaz\OneDrive - OsloMet\Semester 3\scripting\test folder for file organizer\PDFs
2024-12-01 20:25:09,701 - INFO - Moved Style(1).pdf to C:\Users\Rizwan niaz\OneDrive - OsloMet\Semester 3\scripting\test folder for file organizer\PDFs
2024-12-01 20:25:09,702 - INFO - Moved Style.pdf to C:\Users\Rizwan niaz\OneDrive - OsloMet\Semester 3\scripting\test folder for file organizer\PDFs
2024-12-01 20:27:38,896 - INFO - Organizing files in C:\Users\Rizwan niaz\OneDrive - OsloMet\Semester 3\scripting\test folder for file organizer
2024-12-01 20:27:38,901 - INFO - Moved database_positions_participant_0.csv to C:\Users\Rizwan niaz\OneDrive - OsloMet\Semester 3\scripting\test folder for file organizer\DataFiles
2024-12-01 20:27:38,904 - INFO - Moved Everything_V1.5.0.1383.exe to C:\Users\Rizwan niaz\OneDrive - OsloMet\Semester 3\scripting\test folder for file organizer\Applications
2024-12-01 20:27:38,906 - INFO - Moved Git-2.42.0.2-64-bit.exe to C:\Users\Rizwan niaz\OneDrive - OsloMet\Semester 3\scripting\test folder for file organizer\Applications
2024-12-01 20:27:38,908 - INFO - Moved gruppe2.pptx to C:\Users\Rizwan niaz\OneDrive - OsloMet\Semester 3\scripting\test folder for file organizer\Presentations
2024-12-01 20:27:38,910 - INFO - Moved New Text Document.txt to C:\Users\Rizwan niaz\OneDrive - OsloMet\Semester 3\scripting\test folder for file organizer\TextFiles
2024-12-01 20:27:38,912 - INFO - Moved pexels-fauxels-3183186(1).jpg to C:\Users\Rizwan niaz\OneDrive - OsloMet\Semester 3\scripting\test folder for file organizer\Images
2024-12-01 20:27:38,925 - INFO - Moved README.md to C:\Users\Rizwan niaz\OneDrive - OsloMet\Semester 3\scripting\test folder for file organizer\MarkdownFiles
2024-12-01 20:27:38,941 - ERROR - Critical error while processing Style.pdf: [Errno 13] Permission denied: 'C:\\Users\\Rizwan niaz\\OneDrive - OsloMet\\Semester 3\\scripting\\test folder for file organizer\\PDFs\\Style.pdf'
2024-12-01 20:37:15,104 - INFO - Organizing files in C:\Users\Rizwan niaz\OneDrive - OsloMet\Semester 3\scripting\test folder for file organizer
2024-12-01 20:37:15,109 - ERROR - Critical error while processing Style.pdf: [Errno 13] Permission denied: 'C:\\Users\\Rizwan niaz\\OneDrive - OsloMet\\Semester 3\\scripting\\test folder for file organizer\\PDFs\\Style.pdf'
2024-12-01 20:38:30,421 - INFO - Organizing files in C:\Users\Rizwan niaz\OneDrive - OsloMet\Semester 3\scripting\test folder for file organizer
2024-12-01 20:38:30,424 - ERROR - Critical error while processing Style.pdf: [Errno 13] Permission denied: 'C:\\Users\\Rizwan niaz\\OneDrive - OsloMet\\Semester 3\\scripting\\test folder for file organizer\\PDFs\\Style.pdf'
2024-12-01 20:40:47,366 - INFO - Organizing files in C:\Users\Rizwan niaz\OneDrive - OsloMet\Semester 3\scripting\test folder for file organizer
2024-12-01 20:40:47,448 - INFO - Moved Cross-Cultural Design.zip to C:\Users\Rizwan niaz\OneDrive - OsloMet\Semester 3\scripting\test folder for file organizer\CompressedFiles
2024-12-01 20:40:47,452 - INFO - Moved Spyder_64bit_full.exe to C:\Users\Rizwan niaz\OneDrive - OsloMet\Semester 3\scripting\test folder for file organizer\Applications
2024-12-01 20:40:47,456 - ERROR - Critical error while processing Style.pdf: [Errno 13] Permission denied: 'C:\\Users\\Rizwan niaz\\OneDrive - OsloMet\\Semester 3\\scripting\\test folder for file organizer\\PDFs\\Style.pdf'
2024-12-01 20:40:47,462 - INFO - Moved thesis.html to C:\Users\Rizwan niaz\OneDrive - OsloMet\Semester 3\scripting\test folder for file organizer\WebFiles
2024-12-01 20:50:50,325 - INFO - Organizing files in C:\Users\Rizwan niaz\OneDrive - OsloMet\Semester 3\scripting\test folder for file organizer
2024-12-01 20:54:36,643 - INFO - Organizing files in C:\Users\Rizwan niaz\OneDrive - OsloMet\Semester 3\scripting\test folder for file organizer
2024-12-01 21:44:59,869 - INFO - Organizing files in C:\Users\Rizwan niaz\OneDrive - OsloMet\Semester 3\scripting\test folder for file organizer
2024-12-01 21:45:20,169 - INFO - Organizing files in C:\Users\Rizwan niaz\OneDrive - OsloMet\Semester 3\scripting\test folder for file organizer
2024-12-01 23:53:09,656 - INFO - Organizing files in C:\Users\Rizwan niaz\AppData\Local\Temp\pytest-of-Rizwan niaz\pytest-12\test_file_sorter_organize_file0\test_dir
2024-12-01 23:53:09,658 - INFO - Moved test.jpg to C:\Users\Rizwan niaz\AppData\Local\Temp\pytest-of-Rizwan niaz\pytest-12\test_file_sorter_organize_file0\test_dir\Images
2024-12-01 23:53:09,659 - INFO - Moved test.pdf to C:\Users\Rizwan niaz\AppData\Local\Temp\pytest-of-Rizwan niaz\pytest-12\test_file_sorter_organize_file0\test_dir\PDFs
2024-12-01 23:53:09,660 - INFO - Moved test.txt to C:\Users\Rizwan niaz\AppData\Local\Temp\pytest-of-Rizwan niaz\pytest-12\test_file_sorter_organize_file0\test_dir\TextFiles
2024-12-01 23:55:25,578 - INFO - Organizing files in C:\Users\Rizwan niaz\AppData\Local\Temp\pytest-of-Rizwan niaz\pytest-13\test_file_sorter_organize_file0\test_dir
2024-12-01 23:55:25,580 - INFO - Moved test.jpg to C:\Users\Rizwan niaz\AppData\Local\Temp\pytest-of-Rizwan niaz\pytest-13\test_file_sorter_organize_file0\test_dir\Images
2024-12-01 23:55:25,581 - INFO - Moved test.pdf to C:\Users\Rizwan niaz\AppData\Local\Temp\pytest-of-Rizwan niaz\pytest-13\test_file_sorter_organize_file0\test_dir\PDFs
2024-12-01 23:55:25,582 - INFO - Moved test.txt to C:\Users\Rizwan niaz\AppData\Local\Temp\pytest-of-Rizwan niaz\pytest-13\test_file_sorter_organize_file0\test_dir\TextFiles
2024-12-02 00:05:16,218 - INFO - Organizing files in C:\Users\Rizwan niaz\OneDrive - OsloMet\Semester 3\scripting\test folder for file organizer
2024-12-02 00:05:16,221 - INFO - Moved Cross-Cultural Design(1).zip to C:\Users\Rizwan niaz\OneDrive - OsloMet\Semester 3\scripting\test folder for file organizer\CompressedFiles
2024-12-02 00:08:06,322 - INFO - Organizing files in C:\Users\Rizwan niaz\OneDrive - OsloMet\Semester 3\scripting\test folder for file organizer
2024-12-02 00:08:06,326 - INFO - Moved liver_cirrhosis.csv to C:\Users\Rizwan niaz\OneDrive - OsloMet\Semester 3\scripting\test folder for file organizer\DataFiles




2024-12-02 16:29:02,401 - INFO - Organizing files in C:\Users\Rizwan niaz\OneDrive - OsloMet\Semester 3\scripting\test folder for file organizer
2024-12-02 16:29:02,414 - INFO - Moved Agreement_for_Supervision_ACIT_short_final(1).docx to C:\Users\Rizwan niaz\OneDrive - OsloMet\Semester 3\scripting\test folder for file organizer\Documents
2024-12-02 16:29:02,416 - INFO - Moved eduVPNClient_latest (1).exe to C:\Users\Rizwan niaz\OneDrive - OsloMet\Semester 3\scripting\test folder for file organizer\Applications
2024-12-02 16:29:02,418 - INFO - Moved Git-2.42.0.2-64-bit.exe to C:\Users\Rizwan niaz\OneDrive - OsloMet\Semester 3\scripting\test folder for file organizer\Applications
2024-12-02 16:29:02,420 - INFO - Moved New Text Document.txt to C:\Users\Rizwan niaz\OneDrive - OsloMet\Semester 3\scripting\test folder for file organizer\TextFiles
2024-12-02 16:29:02,421 - INFO - Moved README.md to C:\Users\Rizwan niaz\OneDrive - OsloMet\Semester 3\scripting\test folder for file organizer\MarkdownFiles
2024-12-02 16:29:02,424 - INFO - Moved Style.pdf to C:\Users\Rizwan niaz\OneDrive - OsloMet\Semester 3\scripting\test folder for file organizer\PDFs
2024-12-02 16:29:02,426 - INFO - Moved thesis.html to C:\Users\Rizwan niaz\OneDrive - OsloMet\Semester 3\scripting\test folder for file organizer\WebFiles
2024-12-02 16:29:02,428 - INFO - Moved ZoomInstaller.exe to C:\Users\Rizwan niaz\OneDrive - OsloMet\Semester 3\scripting\test folder for file organizer\Applications



2024-12-02 16:49:58,788 - INFO - Organizing files in C:\Users\Rizwan niaz\OneDrive - OsloMet\Semester 3\scripting\test folder for file organizer
2024-12-02 16:49:58,790 - INFO - Moved Agreement_for_Supervision_ACIT_short_final(1).docx to C:\Users\Rizwan niaz\OneDrive - OsloMet\Semester 3\scripting\test folder for file organizer\Documents
2024-12-02 16:49:58,793 - INFO - Moved eduVPNClient_latest (1).exe to C:\Users\Rizwan niaz\OneDrive - OsloMet\Semester 3\scripting\test folder for file organizer\Applications
2024-12-02 16:49:58,795 - INFO - Moved Git-2.42.0.2-64-bit.exe to C:\Users\Rizwan niaz\OneDrive - OsloMet\Semester 3\scripting\test folder for file organizer\Applications
2024-12-02 16:49:58,797 - INFO - Moved New Text Document.txt to C:\Users\Rizwan niaz\OneDrive - OsloMet\Semester 3\scripting\test folder for file organizer\TextFiles
2024-12-02 16:49:58,800 - INFO - Moved README.md to C:\Users\Rizwan niaz\OneDrive - OsloMet\Semester 3\scripting\test folder for file organizer\MarkdownFiles
2024-12-02 16:49:58,801 - INFO - Moved Style.pdf to C:\Users\Rizwan niaz\OneDrive - OsloMet\Semester 3\scripting\test folder for file organizer\PDFs
2024-12-02 16:49:58,804 - INFO - Moved thesis.html to C:\Users\Rizwan niaz\OneDrive - OsloMet\Semester 3\scripting\test folder for file organizer\WebFiles
2024-12-02 16:49:58,805 - INFO - Moved ZoomInstaller.exe to C:\Users\Rizwan niaz\OneDrive - OsloMet\Semester 3\scripting\test folder for file organizer\Applications
2024-12-02 16:58:40,884 - INFO - Organizing files in C:\Users\Rizwan niaz\OneDrive - OsloMet\Semester 3\scripting\test folder for file organizer\no files directory test
2024-12-02 17:09:48,403 - INFO - Organizing files in C:\Users\Rizwan niaz\OneDrive - OsloMet\Semester 3\scripting\test folder for file organizer
2024-12-02 17:09:48,406 - INFO - Moved README.md to C:\Users\Rizwan niaz\OneDrive - OsloMet\Semester 3\scripting\test folder for file organizer\Others
2024-12-02 17:28:53,806 - INFO - Organizing files in C:\Users\Rizwan niaz\OneDrive - OsloMet\Semester 3\scripting\test folder for file organizer
2024-12-02 17:28:53,810 - INFO - Moved Style.pdf to C:\Users\Rizwan niaz\OneDrive - OsloMet\Semester 3\scripting\test folder for file organizer\PDFs
2024-12-02 17:28:53,812 - INFO - Moved ZoomInstaller.exe to C:\Users\Rizwan niaz\OneDrive - OsloMet\Semester 3\scripting\test folder for file organizer\Applications
2024-12-02 17:30:09,485 - INFO - Organizing files in C:\Users\Rizwan niaz\OneDrive - OsloMet\Semester 3\scripting\test folder for file organizer
2024-12-02 17:30:09,490 - INFO - Moved Style.pdf to C:\Users\Rizwan niaz\OneDrive - OsloMet\Semester 3\scripting\test folder for file organizer\Others
2024-12-02 17:30:09,493 - INFO - Moved ZoomInstaller.exe to C:\Users\Rizwan niaz\OneDrive - OsloMet\Semester 3\scripting\test folder for file organizer\Others
2024-12-02 17:43:04,267 - INFO - Organizing files in C:\Users\Rizwan niaz\OneDrive - OsloMet\Semester 3\scripting\test folder for file organizer
2024-12-02 17:43:04,270 - INFO - Moved Style.pdf to C:\Users\Rizwan niaz\OneDrive - OsloMet\Semester 3\scripting\test folder for file organizer\Others
2024-12-02 17:43:04,272 - INFO - Moved ZoomInstaller.exe to C:\Users\Rizwan niaz\OneDrive - OsloMet\Semester 3\scripting\test folder for file organizer\Others
2024-12-02 17:46:28,755 - INFO - Organizing files in C:\Users\Rizwan niaz\OneDrive - OsloMet\Semester 3\scripting\test folder for file organizer
2024-12-02 17:46:28,758 - INFO - Moved Style.pdf to C:\Users\Rizwan niaz\OneDrive - OsloMet\Semester 3\scripting\test folder for file organizer\PDFs
2024-12-02 17:46:28,760 - INFO - Moved ZoomInstaller.exe to C:\Users\Rizwan niaz\OneDrive - OsloMet\Semester 3\scripting\test folder for file organizer\Applications
2024-12-02 17:47:05,753 - INFO - User exited category addition.
2024-12-02 17:47:43,979 - INFO - Organizing files in C:\Users\Rizwan niaz\OneDrive - OsloMet\Semester 3\scripting\test folder for file organizer
2024-12-02 17:47:43,983 - INFO - Moved Style.pdf to C:\Users\Rizwan niaz\OneDrive - OsloMet\Semester 3\scripting\test folder for file organizer\Others
2024-12-02 17:47:43,985 - INFO - Moved ZoomInstaller.exe to C:\Users\Rizwan niaz\OneDrive - OsloMet\Semester 3\scripting\test folder for file organizer\Others
2024-12-02 17:47:55,181 - INFO - Added new category: .pdf -> PDFS
2024-12-02 17:48:13,491 - INFO - Added new category: .exe -> Applications
2024-12-02 17:48:31,843 - INFO - User exited category addition.
2024-12-02 18:02:53,040 - INFO - Organizing files in C:\Users\Rizwan niaz\OneDrive - OsloMet\Semester 3\scripting\test folder for file organizer
2024-12-02 18:02:53,043 - INFO - Moved database_positions_participant_0.csv to C:\Users\Rizwan niaz\OneDrive - OsloMet\Semester 3\scripting\test folder for file organizer\DataFiles
2024-12-02 18:04:01,359 - INFO - User exited category addition.
2024-12-02 18:04:33,207 - INFO - Organizing files in C:\Users\Rizwan niaz\OneDrive - OsloMet\Semester 3\scripting\test folder for file organizer
2024-12-02 18:04:33,210 - INFO - Moved database_positions_participant_0.csv to C:\Users\Rizwan niaz\OneDrive - OsloMet\Semester 3\scripting\test folder for file organizer\DataFiles
2024-12-02 18:04:48,968 - INFO - User exited category addition.
2024-12-02 18:05:51,121 - INFO - Organizing files in C:\Users\Rizwan niaz\OneDrive - OsloMet\Semester 3\scripting\test folder for file organizer\CSVfiles
2024-12-02 18:05:51,122 - ERROR - Failed to organize files: [WinError 5] Access is denied: 'C:\\Users\\Rizwan niaz\\OneDrive - OsloMet\\Semester 3\\scripting\\test folder for file organizer\\CSVfiles'
2024-12-02 18:07:05,495 - INFO - User exited category addition.
2024-12-02 18:08:44,174 - INFO - Organizing files in C:\Users\Rizwan niaz\OneDrive - OsloMet\Semester 3\scripting\test folder for file organizer
2024-12-02 18:08:44,177 - INFO - Moved database_positions_participant_0.csv to C:\Users\Rizwan niaz\OneDrive - OsloMet\Semester 3\scripting\test folder for file organizer\DataFiles
2024-12-02 18:13:06,344 - INFO - Organizing files in C:\Users\Rizwan niaz\OneDrive - OsloMet\Semester 3\scripting\test folder for file organizer
2024-12-02 18:13:06,353 - ERROR - Critical error while processing database_positions_participant_0.csv: [Errno 13] Permission denied: 'C:\\Users\\Rizwan niaz\\OneDrive - OsloMet\\Semester 3\\scripting\\test folder for file organizer\\DataFiles\\database_positions_participant_0.csv'
2024-12-02 18:13:20,055 - INFO - User exited category addition.
2024-12-02 21:36:56,450 - INFO - Organizing files in C:\Users\Rizwan niaz\OneDrive - OsloMet\Semester 3\scripting\test folder for file organizer
2024-12-02 21:36:56,452 - ERROR - Critical error while processing database_positions_participant_0.csv: [Errno 13] Permission denied: 'C:\\Users\\Rizwan niaz\\OneDrive - OsloMet\\Semester 3\\scripting\\test folder for file organizer\\DataFiles\\database_positions_participant_0.csv'
2024-12-02 21:36:56,454 - INFO - Moved Style.pdf to C:\Users\Rizwan niaz\OneDrive - OsloMet\Semester 3\scripting\test folder for file organizer\PDFS
2024-12-02 21:37:13,097 - INFO - User exited category addition.
2024-12-02 21:38:01,722 - INFO - Organizing files in C:\Users\Rizwan niaz\OneDrive - OsloMet\Semester 3\scripting\test folder for file organizer
2024-12-02 21:38:01,725 - ERROR - Critical error while processing database_positions_participant_0.csv: [Errno 13] Permission denied: 'C:\\Users\\Rizwan niaz\\OneDrive - OsloMet\\Semester 3\\scripting\\test folder for file organizer\\DataFiles\\database_positions_participant_0.csv'
2024-12-02 21:38:01,727 - INFO - Moved Style.pdf to C:\Users\Rizwan niaz\OneDrive - OsloMet\Semester 3\scripting\test folder for file organizer\PDFS
